Using pre-set license
Built from '2020.3/staging' branch; Version is '2020.3.14f1 (d0d1bb862f9d) revision 13685179'; Using compiler version '192528614'; Build Type 'Release'
OS: 'Windows 10 Home; OS build 19042.1165; Version 2009; 64bit' Language: 'en' Physical Memory: 16335 MB
BatchMode: 1, IsHumanControllingUs: 0, StartBugReporterOnCrash: 0, Is64bit: 1, IsPro: 0

 COMMAND LINE ARGUMENTS:
C:\Program Files\Unity\Hub\Editor\2020.3.14f1\Editor\Unity.exe
-adb2
-batchMode
-noUpm
-name
AssetImportWorker0
-projectPath
C:/Users/Kai/Documents/GameDevProject/Week7
-logFile
Logs/AssetImportWorker0.log
-srvPort
59649
Successfully changed project path to: C:/Users/Kai/Documents/GameDevProject/Week7
C:/Users/Kai/Documents/GameDevProject/Week7
Using Asset Import Pipeline V2.
Refreshing native plugins compatible for Editor in 23.10 ms, found 2 plugins.
Preloading 0 native plugins for Editor in 0.00 ms.
Initialize engine version: 2020.3.14f1 (d0d1bb862f9d)
[Subsystems] Discovering subsystems at path C:/Program Files/Unity/Hub/Editor/2020.3.14f1/Editor/Data/Resources/UnitySubsystems
[Subsystems] Discovering subsystems at path C:/Users/Kai/Documents/GameDevProject/Week7/Assets
GfxDevice: creating device client; threaded=0
Direct3D:
    Version:  Direct3D 11.0 [level 11.1]
    Renderer: NVIDIA GeForce GTX 1080 Ti (ID=0x1b06)
    Vendor:   
    VRAM:     11127 MB
    Driver:   27.21.14.6611
Initialize mono
Mono path[0] = 'C:/Program Files/Unity/Hub/Editor/2020.3.14f1/Editor/Data/Managed'
Mono path[1] = 'C:/Program Files/Unity/Hub/Editor/2020.3.14f1/Editor/Data/MonoBleedingEdge/lib/mono/unityjit'
Mono config path = 'C:/Program Files/Unity/Hub/Editor/2020.3.14f1/Editor/Data/MonoBleedingEdge/etc'
Using monoOptions --debugger-agent=transport=dt_socket,embedding=1,server=y,suspend=n,address=127.0.0.1:56768
Begin MonoManager ReloadAssembly
Registering precompiled unity dll's ...
Register platform support module: C:/Program Files/Unity/Hub/Editor/2020.3.14f1/Editor/Data/PlaybackEngines/WindowsStandaloneSupport/UnityEditor.WindowsStandalone.Extensions.dll
Registered in 0.001806 seconds.
Native extension for WindowsStandalone target not found
Refreshing native plugins compatible for Editor in 25.28 ms, found 2 plugins.
Preloading 0 native plugins for Editor in 0.00 ms.
Mono: successfully reloaded assembly
- Completed reload, in  1.021 seconds
Domain Reload Profiling:
	ReloadAssembly (1022ms)
		BeginReloadAssembly (47ms)
			ExecutionOrderSort (0ms)
			DisableScriptedObjects (0ms)
			BackupInstance (0ms)
			ReleaseScriptingObjects (0ms)
			CreateAndSetChildDomain (1ms)
		EndReloadAssembly (419ms)
			LoadAssemblies (45ms)
			RebuildTransferFunctionScriptingTraits (0ms)
			SetupTypeCache (147ms)
			ReleaseScriptCaches (0ms)
			RebuildScriptCaches (29ms)
			SetupLoadedEditorAssemblies (181ms)
				LogAssemblyErrors (0ms)
				InitializePlatformSupportModulesInManaged (4ms)
				SetLoadedEditorAssemblies (0ms)
				RefreshPlugins (25ms)
				BeforeProcessingInitializeOnLoad (15ms)
				ProcessInitializeOnLoadAttributes (109ms)
				ProcessInitializeOnLoadMethodAttributes (28ms)
				AfterProcessingInitializeOnLoad (0ms)
				EditorAssembliesLoaded (0ms)
			ExecutionOrderSort2 (0ms)
			AwakeInstancesAfterBackupRestoration (0ms)
Platform modules already initialized, skipping
Registering precompiled user dll's ...
Registered in 0.003396 seconds.
Begin MonoManager ReloadAssembly
Native extension for WindowsStandalone target not found
Refreshing native plugins compatible for Editor in 0.28 ms, found 2 plugins.
Preloading 0 native plugins for Editor in 0.00 ms.
Mono: successfully reloaded assembly
- Completed reload, in  1.018 seconds
Domain Reload Profiling:
	ReloadAssembly (1019ms)
		BeginReloadAssembly (133ms)
			ExecutionOrderSort (0ms)
			DisableScriptedObjects (4ms)
			BackupInstance (0ms)
			ReleaseScriptingObjects (0ms)
			CreateAndSetChildDomain (17ms)
		EndReloadAssembly (823ms)
			LoadAssemblies (82ms)
			RebuildTransferFunctionScriptingTraits (0ms)
			SetupTypeCache (273ms)
			ReleaseScriptCaches (1ms)
			RebuildScriptCaches (45ms)
			SetupLoadedEditorAssemblies (322ms)
				LogAssemblyErrors (0ms)
				InitializePlatformSupportModulesInManaged (6ms)
				SetLoadedEditorAssemblies (0ms)
				RefreshPlugins (0ms)
				BeforeProcessingInitializeOnLoad (95ms)
				ProcessInitializeOnLoadAttributes (209ms)
				ProcessInitializeOnLoadMethodAttributes (5ms)
				AfterProcessingInitializeOnLoad (7ms)
				EditorAssembliesLoaded (0ms)
			ExecutionOrderSort2 (0ms)
			AwakeInstancesAfterBackupRestoration (7ms)
Platform modules already initialized, skipping
========================================================================
Worker process is ready to serve import requests
Launched and connected shader compiler UnityShaderCompiler.exe after 0.05 seconds
Refreshing native plugins compatible for Editor in 0.30 ms, found 2 plugins.
Preloading 0 native plugins for Editor in 0.00 ms.
Unloading 1413 Unused Serialized files (Serialized files now loaded: 0)
System memory in use before: 65.8 MB.
System memory in use after: 65.8 MB.

Unloading 19 unused Assets to reduce memory usage. Loaded Objects now: 1846.
Total: 2.336100 ms (FindLiveObjects: 0.194800 ms CreateObjectMapping: 0.047200 ms MarkObjects: 1.975800 ms  DeleteObjects: 0.117100 ms)

AssetImportParameters requested are different than current active one (requested -> active):
  custom:framework-win-MediaFoundation: 216162199b28c13a410421893ffa2e32 -> 
  custom:video-decoder-ogg-theora: a1e56fd34408186e4bbccfd4996cb3dc -> 
  custom:container-muxer-webm: aa71ff27fc2769a1b78a27578f13a17b -> 
  custom:container-demuxer-webm: 4f35f7cbe854078d1ac9338744f61a02 -> 
  custom:container-demuxer-ogg: 62fdf1f143b41e24485cea50d1cbac27 -> 
  custom:video-encoder-webm-vp8: eb34c28f22e8b96e1ab97ce403110664 -> 
  custom:video-decoder-webm-vp8: 9c59270c3fd7afecdb556c50c9e8de78 -> 
  custom:audio-decoder-ogg-vorbis: bf7c407c2cedff20999df2af8eb42d56 -> 
  custom:audio-encoder-webm-vorbis: bf7c407c2cedff20999df2af8eb42d56 -> 
========================================================================
Received Import Request.
  path: Assets/Week04
  artifactKey: Guid(fc99155d62581a64cbe0364e1a111b75) Importer(815301076,1909f56bfc062723c751e8b465ee728b)
Start importing Assets/Week04 using Guid(fc99155d62581a64cbe0364e1a111b75) Importer(815301076,1909f56bfc062723c751e8b465ee728b)  -> (artifact id: '8110ed9d493ff7e934152eddda312c13') in 0.010945 seconds 
  Import took 0.013927 seconds .

========================================================================
Received Import Request.
  Time since last request: 0.000264 seconds.
  path: Assets/Week04/Week04.unity
  artifactKey: Guid(7865c87ae3f9058488b04395b2383944) Importer(815301076,1909f56bfc062723c751e8b465ee728b)
Start importing Assets/Week04/Week04.unity using Guid(7865c87ae3f9058488b04395b2383944) Importer(815301076,1909f56bfc062723c751e8b465ee728b)  -> (artifact id: 'f4554bb4d6829ee97dbf84b54c3c96c3') in 0.013830 seconds 
  Import took 0.016197 seconds .

========================================================================
Received Prepare
Registering precompiled user dll's ...
Registered in 0.003095 seconds.
Begin MonoManager ReloadAssembly
Native extension for WindowsStandalone target not found
Refreshing native plugins compatible for Editor in 0.27 ms, found 2 plugins.
Preloading 0 native plugins for Editor in 0.00 ms.
Mono: successfully reloaded assembly
- Completed reload, in  0.801 seconds
Domain Reload Profiling:
	ReloadAssembly (802ms)
		BeginReloadAssembly (93ms)
			ExecutionOrderSort (0ms)
			DisableScriptedObjects (4ms)
			BackupInstance (0ms)
			ReleaseScriptingObjects (0ms)
			CreateAndSetChildDomain (25ms)
		EndReloadAssembly (657ms)
			LoadAssemblies (73ms)
			RebuildTransferFunctionScriptingTraits (0ms)
			SetupTypeCache (230ms)
			ReleaseScriptCaches (1ms)
			RebuildScriptCaches (32ms)
			SetupLoadedEditorAssemblies (237ms)
				LogAssemblyErrors (0ms)
				InitializePlatformSupportModulesInManaged (4ms)
				SetLoadedEditorAssemblies (1ms)
				RefreshPlugins (0ms)
				BeforeProcessingInitializeOnLoad (68ms)
				ProcessInitializeOnLoadAttributes (155ms)
				ProcessInitializeOnLoadMethodAttributes (3ms)
				AfterProcessingInitializeOnLoad (5ms)
				EditorAssembliesLoaded (0ms)
			ExecutionOrderSort2 (0ms)
			AwakeInstancesAfterBackupRestoration (6ms)
Platform modules already initialized, skipping
Refreshing native plugins compatible for Editor in 0.27 ms, found 2 plugins.
Preloading 0 native plugins for Editor in 0.00 ms.
Unloading 1405 Unused Serialized files (Serialized files now loaded: 0)
System memory in use before: 65.4 MB.
System memory in use after: 65.5 MB.

Unloading 14 unused Assets to reduce memory usage. Loaded Objects now: 1849.
Total: 1.921900 ms (FindLiveObjects: 0.160200 ms CreateObjectMapping: 0.059800 ms MarkObjects: 1.618100 ms  DeleteObjects: 0.083000 ms)

AssetImportParameters requested are different than current active one (requested -> active):
  custom:framework-win-MediaFoundation: 216162199b28c13a410421893ffa2e32 -> 
  custom:video-decoder-ogg-theora: a1e56fd34408186e4bbccfd4996cb3dc -> 
  custom:container-muxer-webm: aa71ff27fc2769a1b78a27578f13a17b -> 
  custom:container-demuxer-webm: 4f35f7cbe854078d1ac9338744f61a02 -> 
  custom:container-demuxer-ogg: 62fdf1f143b41e24485cea50d1cbac27 -> 
  custom:video-encoder-webm-vp8: eb34c28f22e8b96e1ab97ce403110664 -> 
  custom:video-decoder-webm-vp8: 9c59270c3fd7afecdb556c50c9e8de78 -> 
  custom:audio-decoder-ogg-vorbis: bf7c407c2cedff20999df2af8eb42d56 -> 
  custom:audio-encoder-webm-vorbis: bf7c407c2cedff20999df2af8eb42d56 -> 
========================================================================
Received Prepare
Registering precompiled user dll's ...
Registered in 0.002960 seconds.
Begin MonoManager ReloadAssembly
Native extension for WindowsStandalone target not found
Refreshing native plugins compatible for Editor in 0.26 ms, found 2 plugins.
Preloading 0 native plugins for Editor in 0.00 ms.
Mono: successfully reloaded assembly
- Completed reload, in  0.842 seconds
Domain Reload Profiling:
	ReloadAssembly (843ms)
		BeginReloadAssembly (94ms)
			ExecutionOrderSort (0ms)
			DisableScriptedObjects (4ms)
			BackupInstance (0ms)
			ReleaseScriptingObjects (0ms)
			CreateAndSetChildDomain (27ms)
		EndReloadAssembly (695ms)
			LoadAssemblies (77ms)
			RebuildTransferFunctionScriptingTraits (0ms)
			SetupTypeCache (249ms)
			ReleaseScriptCaches (1ms)
			RebuildScriptCaches (32ms)
			SetupLoadedEditorAssemblies (243ms)
				LogAssemblyErrors (0ms)
				InitializePlatformSupportModulesInManaged (4ms)
				SetLoadedEditorAssemblies (0ms)
				RefreshPlugins (0ms)
				BeforeProcessingInitializeOnLoad (68ms)
				ProcessInitializeOnLoadAttributes (161ms)
				ProcessInitializeOnLoadMethodAttributes (3ms)
				AfterProcessingInitializeOnLoad (5ms)
				EditorAssembliesLoaded (0ms)
			ExecutionOrderSort2 (0ms)
			AwakeInstancesAfterBackupRestoration (6ms)
Platform modules already initialized, skipping
Refreshing native plugins compatible for Editor in 0.28 ms, found 2 plugins.
Preloading 0 native plugins for Editor in 0.00 ms.
Unloading 1385 Unused Serialized files (Serialized files now loaded: 0)
System memory in use before: 65.0 MB.
System memory in use after: 65.1 MB.

Unloading 32 unused Assets to reduce memory usage. Loaded Objects now: 1834.
Total: 2.099100 ms (FindLiveObjects: 0.130500 ms CreateObjectMapping: 0.041100 ms MarkObjects: 1.872900 ms  DeleteObjects: 0.053500 ms)

AssetImportParameters requested are different than current active one (requested -> active):
  custom:framework-win-MediaFoundation: 216162199b28c13a410421893ffa2e32 -> 
  custom:video-decoder-ogg-theora: a1e56fd34408186e4bbccfd4996cb3dc -> 
  custom:container-muxer-webm: aa71ff27fc2769a1b78a27578f13a17b -> 
  custom:container-demuxer-webm: 4f35f7cbe854078d1ac9338744f61a02 -> 
  custom:container-demuxer-ogg: 62fdf1f143b41e24485cea50d1cbac27 -> 
  custom:video-encoder-webm-vp8: eb34c28f22e8b96e1ab97ce403110664 -> 
  custom:video-decoder-webm-vp8: 9c59270c3fd7afecdb556c50c9e8de78 -> 
  custom:audio-decoder-ogg-vorbis: bf7c407c2cedff20999df2af8eb42d56 -> 
  custom:audio-encoder-webm-vorbis: bf7c407c2cedff20999df2af8eb42d56 -> 
========================================================================
Received Prepare
Registering precompiled user dll's ...
Registered in 0.003008 seconds.
Begin MonoManager ReloadAssembly
Native extension for WindowsStandalone target not found
Refreshing native plugins compatible for Editor in 0.27 ms, found 2 plugins.
Preloading 0 native plugins for Editor in 0.00 ms.
Mono: successfully reloaded assembly
- Completed reload, in  0.814 seconds
Domain Reload Profiling:
	ReloadAssembly (814ms)
		BeginReloadAssembly (95ms)
			ExecutionOrderSort (0ms)
			DisableScriptedObjects (5ms)
			BackupInstance (0ms)
			ReleaseScriptingObjects (0ms)
			CreateAndSetChildDomain (25ms)
		EndReloadAssembly (668ms)
			LoadAssemblies (71ms)
			RebuildTransferFunctionScriptingTraits (0ms)
			SetupTypeCache (222ms)
			ReleaseScriptCaches (1ms)
			RebuildScriptCaches (31ms)
			SetupLoadedEditorAssemblies (261ms)
				LogAssemblyErrors (0ms)
				InitializePlatformSupportModulesInManaged (4ms)
				SetLoadedEditorAssemblies (0ms)
				RefreshPlugins (0ms)
				BeforeProcessingInitializeOnLoad (75ms)
				ProcessInitializeOnLoadAttributes (170ms)
				ProcessInitializeOnLoadMethodAttributes (4ms)
				AfterProcessingInitializeOnLoad (7ms)
				EditorAssembliesLoaded (0ms)
			ExecutionOrderSort2 (0ms)
			AwakeInstancesAfterBackupRestoration (6ms)
Platform modules already initialized, skipping
Refreshing native plugins compatible for Editor in 0.28 ms, found 2 plugins.
Preloading 0 native plugins for Editor in 0.00 ms.
Unloading 1392 Unused Serialized files (Serialized files now loaded: 0)
System memory in use before: 65.3 MB.
System memory in use after: 65.3 MB.

Unloading 15 unused Assets to reduce memory usage. Loaded Objects now: 1843.
Total: 1.744600 ms (FindLiveObjects: 0.118400 ms CreateObjectMapping: 0.036600 ms MarkObjects: 1.539500 ms  DeleteObjects: 0.049300 ms)

AssetImportParameters requested are different than current active one (requested -> active):
  custom:framework-win-MediaFoundation: 216162199b28c13a410421893ffa2e32 -> 
  custom:video-decoder-ogg-theora: a1e56fd34408186e4bbccfd4996cb3dc -> 
  custom:container-muxer-webm: aa71ff27fc2769a1b78a27578f13a17b -> 
  custom:container-demuxer-webm: 4f35f7cbe854078d1ac9338744f61a02 -> 
  custom:container-demuxer-ogg: 62fdf1f143b41e24485cea50d1cbac27 -> 
  custom:video-encoder-webm-vp8: eb34c28f22e8b96e1ab97ce403110664 -> 
  custom:video-decoder-webm-vp8: 9c59270c3fd7afecdb556c50c9e8de78 -> 
  custom:audio-decoder-ogg-vorbis: bf7c407c2cedff20999df2af8eb42d56 -> 
  custom:audio-encoder-webm-vorbis: bf7c407c2cedff20999df2af8eb42d56 -> 
========================================================================
Received Import Request.
  Time since last request: 81.667072 seconds.
  path: Assets/Week07
  artifactKey: Guid(7cd55ec06a3f3fe4bb87c4180cf41c53) Importer(815301076,1909f56bfc062723c751e8b465ee728b)
Start importing Assets/Week07 using Guid(7cd55ec06a3f3fe4bb87c4180cf41c53) Importer(815301076,1909f56bfc062723c751e8b465ee728b)  -> (artifact id: '3af680d30cc1f1ac104c35a3150a35e6') in 0.008275 seconds 
  Import took 0.010592 seconds .

========================================================================
Received Import Request.
  Time since last request: 0.002964 seconds.
  path: Assets/Week07
  artifactKey: Guid(7cd55ec06a3f3fe4bb87c4180cf41c53) Importer(815301076,1909f56bfc062723c751e8b465ee728b)
Start importing Assets/Week07 using Guid(7cd55ec06a3f3fe4bb87c4180cf41c53) Importer(815301076,1909f56bfc062723c751e8b465ee728b)  -> (artifact id: '3af680d30cc1f1ac104c35a3150a35e6') in 0.001759 seconds 
  Import took 0.004667 seconds .

========================================================================
Received Import Request.
  Time since last request: 1.497829 seconds.
  path: Assets/Week07/Week07_part1.unity
  artifactKey: Guid(a7ac5e1e2b2cbf0488f6663bc58cef0a) Importer(815301076,1909f56bfc062723c751e8b465ee728b)
Start importing Assets/Week07/Week07_part1.unity using Guid(a7ac5e1e2b2cbf0488f6663bc58cef0a) Importer(815301076,1909f56bfc062723c751e8b465ee728b)  -> (artifact id: '70a052b99aab63939d720998abe1d86f') in 0.012151 seconds 
  Import took 0.014114 seconds .

========================================================================
Received Import Request.
  Time since last request: 0.955647 seconds.
  path: Assets/Week07/Week07_part2.unity
  artifactKey: Guid(ee7aaed049192a1438d38ca7765211a1) Importer(815301076,1909f56bfc062723c751e8b465ee728b)
Start importing Assets/Week07/Week07_part2.unity using Guid(ee7aaed049192a1438d38ca7765211a1) Importer(815301076,1909f56bfc062723c751e8b465ee728b)  -> (artifact id: '6c5a4d8dbf362b1e049e99cc7bbbf234') in 0.007444 seconds 
  Import took 0.009514 seconds .

========================================================================
Received Prepare
Registering precompiled user dll's ...
Registered in 0.004867 seconds.
Begin MonoManager ReloadAssembly
Native extension for WindowsStandalone target not found
Refreshing native plugins compatible for Editor in 0.34 ms, found 2 plugins.
Preloading 0 native plugins for Editor in 0.00 ms.
Mono: successfully reloaded assembly
- Completed reload, in  0.965 seconds
Domain Reload Profiling:
	ReloadAssembly (966ms)
		BeginReloadAssembly (110ms)
			ExecutionOrderSort (0ms)
			DisableScriptedObjects (6ms)
			BackupInstance (0ms)
			ReleaseScriptingObjects (0ms)
			CreateAndSetChildDomain (32ms)
		EndReloadAssembly (793ms)
			LoadAssemblies (87ms)
			RebuildTransferFunctionScriptingTraits (0ms)
			SetupTypeCache (279ms)
			ReleaseScriptCaches (1ms)
			RebuildScriptCaches (46ms)
			SetupLoadedEditorAssemblies (288ms)
				LogAssemblyErrors (0ms)
				InitializePlatformSupportModulesInManaged (6ms)
				SetLoadedEditorAssemblies (1ms)
				RefreshPlugins (0ms)
				BeforeProcessingInitializeOnLoad (83ms)
				ProcessInitializeOnLoadAttributes (188ms)
				ProcessInitializeOnLoadMethodAttributes (4ms)
				AfterProcessingInitializeOnLoad (6ms)
				EditorAssembliesLoaded (0ms)
			ExecutionOrderSort2 (0ms)
			AwakeInstancesAfterBackupRestoration (7ms)
Platform modules already initialized, skipping
Refreshing native plugins compatible for Editor in 0.30 ms, found 2 plugins.
Preloading 0 native plugins for Editor in 0.00 ms.
Unloading 1392 Unused Serialized files (Serialized files now loaded: 0)
System memory in use before: 65.3 MB.
System memory in use after: 65.3 MB.

Unloading 15 unused Assets to reduce memory usage. Loaded Objects now: 1846.
Total: 2.199100 ms (FindLiveObjects: 0.164800 ms CreateObjectMapping: 0.060800 ms MarkObjects: 1.808300 ms  DeleteObjects: 0.164100 ms)

AssetImportParameters requested are different than current active one (requested -> active):
  custom:framework-win-MediaFoundation: 216162199b28c13a410421893ffa2e32 -> 
  custom:video-decoder-ogg-theora: a1e56fd34408186e4bbccfd4996cb3dc -> 
  custom:container-muxer-webm: aa71ff27fc2769a1b78a27578f13a17b -> 
  custom:container-demuxer-webm: 4f35f7cbe854078d1ac9338744f61a02 -> 
  custom:container-demuxer-ogg: 62fdf1f143b41e24485cea50d1cbac27 -> 
  custom:video-encoder-webm-vp8: eb34c28f22e8b96e1ab97ce403110664 -> 
  custom:video-decoder-webm-vp8: 9c59270c3fd7afecdb556c50c9e8de78 -> 
  custom:audio-decoder-ogg-vorbis: bf7c407c2cedff20999df2af8eb42d56 -> 
  custom:audio-encoder-webm-vorbis: bf7c407c2cedff20999df2af8eb42d56 -> 
========================================================================
Received Prepare
Registering precompiled user dll's ...
Registered in 0.003180 seconds.
Begin MonoManager ReloadAssembly
Native extension for WindowsStandalone target not found
Refreshing native plugins compatible for Editor in 0.32 ms, found 2 plugins.
Preloading 0 native plugins for Editor in 0.00 ms.
Mono: successfully reloaded assembly
- Completed reload, in  1.006 seconds
Domain Reload Profiling:
	ReloadAssembly (1007ms)
		BeginReloadAssembly (110ms)
			ExecutionOrderSort (0ms)
			DisableScriptedObjects (5ms)
			BackupInstance (0ms)
			ReleaseScriptingObjects (0ms)
			CreateAndSetChildDomain (32ms)
		EndReloadAssembly (830ms)
			LoadAssemblies (92ms)
			RebuildTransferFunctionScriptingTraits (0ms)
			SetupTypeCache (305ms)
			ReleaseScriptCaches (1ms)
			RebuildScriptCaches (39ms)
			SetupLoadedEditorAssemblies (294ms)
				LogAssemblyErrors (0ms)
				InitializePlatformSupportModulesInManaged (6ms)
				SetLoadedEditorAssemblies (0ms)
				RefreshPlugins (0ms)
				BeforeProcessingInitializeOnLoad (85ms)
				ProcessInitializeOnLoadAttributes (192ms)
				ProcessInitializeOnLoadMethodAttributes (4ms)
				AfterProcessingInitializeOnLoad (7ms)
				EditorAssembliesLoaded (0ms)
			ExecutionOrderSort2 (0ms)
			AwakeInstancesAfterBackupRestoration (6ms)
Platform modules already initialized, skipping
Refreshing native plugins compatible for Editor in 0.30 ms, found 2 plugins.
Preloading 0 native plugins for Editor in 0.00 ms.
Unloading 1385 Unused Serialized files (Serialized files now loaded: 0)
System memory in use before: 65.1 MB.
System memory in use after: 65.1 MB.

Unloading 20 unused Assets to reduce memory usage. Loaded Objects now: 1843.
Total: 1.954700 ms (FindLiveObjects: 0.144200 ms CreateObjectMapping: 0.047900 ms MarkObjects: 1.705900 ms  DeleteObjects: 0.055700 ms)

AssetImportParameters requested are different than current active one (requested -> active):
  custom:framework-win-MediaFoundation: 216162199b28c13a410421893ffa2e32 -> 
  custom:video-decoder-ogg-theora: a1e56fd34408186e4bbccfd4996cb3dc -> 
  custom:container-muxer-webm: aa71ff27fc2769a1b78a27578f13a17b -> 
  custom:container-demuxer-webm: 4f35f7cbe854078d1ac9338744f61a02 -> 
  custom:container-demuxer-ogg: 62fdf1f143b41e24485cea50d1cbac27 -> 
  custom:video-encoder-webm-vp8: eb34c28f22e8b96e1ab97ce403110664 -> 
  custom:video-decoder-webm-vp8: 9c59270c3fd7afecdb556c50c9e8de78 -> 
  custom:audio-decoder-ogg-vorbis: bf7c407c2cedff20999df2af8eb42d56 -> 
  custom:audio-encoder-webm-vorbis: bf7c407c2cedff20999df2af8eb42d56 -> 
========================================================================
Received Import Request.
  Time since last request: 247.520821 seconds.
  path: Assets
  artifactKey: Guid(00000000000000001000000000000000) Importer(815301076,1909f56bfc062723c751e8b465ee728b)
Start importing Assets using Guid(00000000000000001000000000000000) Importer(815301076,1909f56bfc062723c751e8b465ee728b)  -> (artifact id: '42d402b061de3733987d63b9cc3b64de') in 0.009829 seconds 
  Import took 0.011917 seconds .

========================================================================
Received Prepare
Registering precompiled user dll's ...
Registered in 0.003160 seconds.
Begin MonoManager ReloadAssembly
Native extension for WindowsStandalone target not found
Refreshing native plugins compatible for Editor in 0.28 ms, found 2 plugins.
Preloading 0 native plugins for Editor in 0.00 ms.
[ScriptCompilation] NOT recompiling all scripts because this is an import worker process. Reason to compile was: Define symbols changed
Mono: successfully reloaded assembly
- Completed reload, in  0.803 seconds
Domain Reload Profiling:
	ReloadAssembly (803ms)
		BeginReloadAssembly (85ms)
			ExecutionOrderSort (0ms)
			DisableScriptedObjects (4ms)
			BackupInstance (0ms)
			ReleaseScriptingObjects (0ms)
			CreateAndSetChildDomain (24ms)
		EndReloadAssembly (659ms)
			LoadAssemblies (71ms)
			RebuildTransferFunctionScriptingTraits (0ms)
			SetupTypeCache (219ms)
			ReleaseScriptCaches (1ms)
			RebuildScriptCaches (33ms)
			SetupLoadedEditorAssemblies (252ms)
				LogAssemblyErrors (0ms)
				InitializePlatformSupportModulesInManaged (4ms)
				SetLoadedEditorAssemblies (0ms)
				RefreshPlugins (0ms)
				BeforeProcessingInitializeOnLoad (68ms)
				ProcessInitializeOnLoadAttributes (169ms)
				ProcessInitializeOnLoadMethodAttributes (3ms)
				AfterProcessingInitializeOnLoad (5ms)
				EditorAssembliesLoaded (0ms)
			ExecutionOrderSort2 (0ms)
			AwakeInstancesAfterBackupRestoration (6ms)
Platform modules already initialized, skipping
Refreshing native plugins compatible for Editor in 0.28 ms, found 2 plugins.
Preloading 0 native plugins for Editor in 0.00 ms.
Unloading 1487 Unused Serialized files (Serialized files now loaded: 0)
System memory in use before: 67.8 MB.
System memory in use after: 67.8 MB.

Unloading 15 unused Assets to reduce memory usage. Loaded Objects now: 1947.
Total: 2.197700 ms (FindLiveObjects: 0.147700 ms CreateObjectMapping: 0.042800 ms MarkObjects: 1.945100 ms  DeleteObjects: 0.060000 ms)

AssetImportParameters requested are different than current active one (requested -> active):
  custom:framework-win-MediaFoundation: 216162199b28c13a410421893ffa2e32 -> 
  custom:video-decoder-ogg-theora: a1e56fd34408186e4bbccfd4996cb3dc -> 
  custom:container-muxer-webm: aa71ff27fc2769a1b78a27578f13a17b -> 
  custom:container-demuxer-webm: 4f35f7cbe854078d1ac9338744f61a02 -> 
  custom:container-demuxer-ogg: 62fdf1f143b41e24485cea50d1cbac27 -> 
  custom:video-encoder-webm-vp8: eb34c28f22e8b96e1ab97ce403110664 -> 
  custom:video-decoder-webm-vp8: 9c59270c3fd7afecdb556c50c9e8de78 -> 
  custom:audio-decoder-ogg-vorbis: bf7c407c2cedff20999df2af8eb42d56 -> 
  custom:audio-encoder-webm-vorbis: bf7c407c2cedff20999df2af8eb42d56 -> 
========================================================================
Received Import Request.
  Time since last request: 23.994139 seconds.
  path: Assets/New Terrain.asset
  artifactKey: Guid(52cad1ede66ade34b84db9affd55057e) Importer(815301076,1909f56bfc062723c751e8b465ee728b)
Start importing Assets/New Terrain.asset using Guid(52cad1ede66ade34b84db9affd55057e) Importer(815301076,1909f56bfc062723c751e8b465ee728b)  -> (artifact id: '0ba289530a110305948b9efdd0a60190') in 0.098430 seconds 
  Import took 0.100827 seconds .

========================================================================
Received Import Request.
  Time since last request: 1.122495 seconds.
  path: Assets/Standard Assets
  artifactKey: Guid(b42c5d6e369d5ce42adb205530c53ce4) Importer(815301076,1909f56bfc062723c751e8b465ee728b)
Start importing Assets/Standard Assets using Guid(b42c5d6e369d5ce42adb205530c53ce4) Importer(815301076,1909f56bfc062723c751e8b465ee728b)  -> (artifact id: 'b50170461fe1ba416c119a5b7eddcc4d') in 0.006215 seconds 
  Import took 0.008289 seconds .

========================================================================
Received Import Request.
  Time since last request: 0.065469 seconds.
  path: Assets/Standard Assets/NewLayer.terrainlayer
  artifactKey: Guid(27b0d9d7f4826db408fe2a47da84961d) Importer(815301076,1909f56bfc062723c751e8b465ee728b)
Start importing Assets/Standard Assets/NewLayer.terrainlayer using Guid(27b0d9d7f4826db408fe2a47da84961d) Importer(815301076,1909f56bfc062723c751e8b465ee728b)  -> (artifact id: '59791e00565c505f95be678dacfea4b4') in 0.036558 seconds 
  Import took 0.038706 seconds .

========================================================================
Received Import Request.
  Time since last request: 1.563754 seconds.
  path: Assets/TerrainWorkshop
  artifactKey: Guid(97a1f05a14202c347a8c355f0c48d722) Importer(815301076,1909f56bfc062723c751e8b465ee728b)
Start importing Assets/TerrainWorkshop using Guid(97a1f05a14202c347a8c355f0c48d722) Importer(815301076,1909f56bfc062723c751e8b465ee728b)  -> (artifact id: '1a74835e8736fe9be0545867374ecee2') in 0.005532 seconds 
  Import took 0.007730 seconds .

========================================================================
Received Import Request.
  Time since last request: 1.473399 seconds.
  path: Assets/Workshop5
  artifactKey: Guid(58ffa4e2290edd34f83bb8b71b0a4dca) Importer(815301076,1909f56bfc062723c751e8b465ee728b)
Start importing Assets/Workshop5 using Guid(58ffa4e2290edd34f83bb8b71b0a4dca) Importer(815301076,1909f56bfc062723c751e8b465ee728b)  -> (artifact id: '17fbaf5988477679626e24c427bd29d2') in 0.005119 seconds 
  Import took 0.007525 seconds .

========================================================================
Received Import Request.
  Time since last request: 2.257726 seconds.
  path: Assets/Scenes
  artifactKey: Guid(420de0d561fa1474d870218bb401527c) Importer(815301076,1909f56bfc062723c751e8b465ee728b)
Start importing Assets/Scenes using Guid(420de0d561fa1474d870218bb401527c) Importer(815301076,1909f56bfc062723c751e8b465ee728b)  -> (artifact id: 'eebe3b43540881deedb4df0a489a5dca') in 0.004957 seconds 
  Import took 0.007134 seconds .

========================================================================
Received Import Request.
  Time since last request: 3.351097 seconds.
  path: Assets/Scenes/Week06.unity
  artifactKey: Guid(a29404c12ad2717418a4662d22d502b7) Importer(815301076,1909f56bfc062723c751e8b465ee728b)
Start importing Assets/Scenes/Week06.unity using Guid(a29404c12ad2717418a4662d22d502b7) Importer(815301076,1909f56bfc062723c751e8b465ee728b)  -> (artifact id: '899b5a75159f537962ac82965f641758') in 0.005300 seconds 
  Import took 0.007856 seconds .

========================================================================
Received Import Request.
  Time since last request: 0.000442 seconds.
  path: Assets/Scenes/Week06.unity
  artifactKey: Guid(a29404c12ad2717418a4662d22d502b7) Importer(815301076,1909f56bfc062723c751e8b465ee728b)
Start importing Assets/Scenes/Week06.unity using Guid(a29404c12ad2717418a4662d22d502b7) Importer(815301076,1909f56bfc062723c751e8b465ee728b)  -> (artifact id: '899b5a75159f537962ac82965f641758') in 0.001726 seconds 
  Import took 0.003875 seconds .

========================================================================
Received Prepare
Registering precompiled user dll's ...
Registered in 0.004337 seconds.
Begin MonoManager ReloadAssembly
Native extension for WindowsStandalone target not found
Refreshing native plugins compatible for Editor in 0.33 ms, found 2 plugins.
Preloading 0 native plugins for Editor in 0.00 ms.
[ScriptCompilation] NOT recompiling all scripts because this is an import worker process. Reason to compile was: Define symbols changed
Mono: successfully reloaded assembly
- Completed reload, in  0.993 seconds
Domain Reload Profiling:
	ReloadAssembly (993ms)
		BeginReloadAssembly (113ms)
			ExecutionOrderSort (0ms)
			DisableScriptedObjects (5ms)
			BackupInstance (0ms)
			ReleaseScriptingObjects (0ms)
			CreateAndSetChildDomain (34ms)
		EndReloadAssembly (814ms)
			LoadAssemblies (90ms)
			RebuildTransferFunctionScriptingTraits (0ms)
			SetupTypeCache (282ms)
			ReleaseScriptCaches (1ms)
			RebuildScriptCaches (40ms)
			SetupLoadedEditorAssemblies (302ms)
				LogAssemblyErrors (0ms)
				InitializePlatformSupportModulesInManaged (5ms)
				SetLoadedEditorAssemblies (0ms)
				RefreshPlugins (0ms)
				BeforeProcessingInitializeOnLoad (89ms)
				ProcessInitializeOnLoadAttributes (196ms)
				ProcessInitializeOnLoadMethodAttributes (4ms)
				AfterProcessingInitializeOnLoad (6ms)
				EditorAssembliesLoaded (0ms)
			ExecutionOrderSort2 (0ms)
			AwakeInstancesAfterBackupRestoration (7ms)
Platform modules already initialized, skipping
Refreshing native plugins compatible for Editor in 0.33 ms, found 2 plugins.
Preloading 0 native plugins for Editor in 0.00 ms.
Unloading 1487 Unused Serialized files (Serialized files now loaded: 0)
System memory in use before: 76.3 MB.
System memory in use after: 75.8 MB.

Unloading 17 unused Assets to reduce memory usage. Loaded Objects now: 1959.
Total: 2.812900 ms (FindLiveObjects: 0.148200 ms CreateObjectMapping: 0.048300 ms MarkObjects: 2.194400 ms  DeleteObjects: 0.420800 ms)

AssetImportParameters requested are different than current active one (requested -> active):
  custom:framework-win-MediaFoundation: 216162199b28c13a410421893ffa2e32 -> 
  custom:video-decoder-ogg-theora: a1e56fd34408186e4bbccfd4996cb3dc -> 
  custom:container-muxer-webm: aa71ff27fc2769a1b78a27578f13a17b -> 
  custom:container-demuxer-webm: 4f35f7cbe854078d1ac9338744f61a02 -> 
  custom:container-demuxer-ogg: 62fdf1f143b41e24485cea50d1cbac27 -> 
  custom:video-encoder-webm-vp8: eb34c28f22e8b96e1ab97ce403110664 -> 
  custom:video-decoder-webm-vp8: 9c59270c3fd7afecdb556c50c9e8de78 -> 
  custom:audio-decoder-ogg-vorbis: bf7c407c2cedff20999df2af8eb42d56 -> 
  custom:audio-encoder-webm-vorbis: bf7c407c2cedff20999df2af8eb42d56 -> 
========================================================================
Received Prepare
Registering precompiled user dll's ...
Registered in 0.003214 seconds.
Begin MonoManager ReloadAssembly
Native extension for WindowsStandalone target not found
Refreshing native plugins compatible for Editor in 0.28 ms, found 2 plugins.
Preloading 0 native plugins for Editor in 0.00 ms.
Mono: successfully reloaded assembly
- Completed reload, in  0.806 seconds
Domain Reload Profiling:
	ReloadAssembly (806ms)
		BeginReloadAssembly (92ms)
			ExecutionOrderSort (0ms)
			DisableScriptedObjects (4ms)
			BackupInstance (0ms)
			ReleaseScriptingObjects (0ms)
			CreateAndSetChildDomain (25ms)
		EndReloadAssembly (659ms)
			LoadAssemblies (72ms)
			RebuildTransferFunctionScriptingTraits (0ms)
			SetupTypeCache (233ms)
			ReleaseScriptCaches (1ms)
			RebuildScriptCaches (32ms)
			SetupLoadedEditorAssemblies (240ms)
				LogAssemblyErrors (0ms)
				InitializePlatformSupportModulesInManaged (5ms)
				SetLoadedEditorAssemblies (0ms)
				RefreshPlugins (0ms)
				BeforeProcessingInitializeOnLoad (68ms)
				ProcessInitializeOnLoadAttributes (158ms)
				ProcessInitializeOnLoadMethodAttributes (3ms)
				AfterProcessingInitializeOnLoad (5ms)
				EditorAssembliesLoaded (0ms)
			ExecutionOrderSort2 (0ms)
			AwakeInstancesAfterBackupRestoration (5ms)
Platform modules already initialized, skipping
Refreshing native plugins compatible for Editor in 0.30 ms, found 2 plugins.
Preloading 0 native plugins for Editor in 0.00 ms.
Unloading 1385 Unused Serialized files (Serialized files now loaded: 0)
System memory in use before: 73.5 MB.
System memory in use after: 73.6 MB.

Unloading 109 unused Assets to reduce memory usage. Loaded Objects now: 1867.
Total: 2.077600 ms (FindLiveObjects: 0.136800 ms CreateObjectMapping: 0.035000 ms MarkObjects: 1.790700 ms  DeleteObjects: 0.114000 ms)

AssetImportParameters requested are different than current active one (requested -> active):
  custom:framework-win-MediaFoundation: 216162199b28c13a410421893ffa2e32 -> 
  custom:video-decoder-ogg-theora: a1e56fd34408186e4bbccfd4996cb3dc -> 
  custom:container-muxer-webm: aa71ff27fc2769a1b78a27578f13a17b -> 
  custom:container-demuxer-webm: 4f35f7cbe854078d1ac9338744f61a02 -> 
  custom:container-demuxer-ogg: 62fdf1f143b41e24485cea50d1cbac27 -> 
  custom:video-encoder-webm-vp8: eb34c28f22e8b96e1ab97ce403110664 -> 
  custom:video-decoder-webm-vp8: 9c59270c3fd7afecdb556c50c9e8de78 -> 
  custom:audio-decoder-ogg-vorbis: bf7c407c2cedff20999df2af8eb42d56 -> 
  custom:audio-encoder-webm-vorbis: bf7c407c2cedff20999df2af8eb42d56 -> 
========================================================================
Received Import Request.
  Time since last request: 138.610298 seconds.
  path: Assets/Scenes/SampleScene.unity
  artifactKey: Guid(9fc0d4010bbf28b4594072e72b8655ab) Importer(815301076,1909f56bfc062723c751e8b465ee728b)
Start importing Assets/Scenes/SampleScene.unity using Guid(9fc0d4010bbf28b4594072e72b8655ab) Importer(815301076,1909f56bfc062723c751e8b465ee728b)  -> (artifact id: '85059f4f9e1a832ed95adaa0d25c5c4c') in 0.013718 seconds 
  Import took 0.015807 seconds .

========================================================================
Received Import Request.
  Time since last request: 1.329606 seconds.
  path: Assets/Scenes/Week06
  artifactKey: Guid(df7943d7a6cf24f43a0d987c3638870a) Importer(815301076,1909f56bfc062723c751e8b465ee728b)
Start importing Assets/Scenes/Week06 using Guid(df7943d7a6cf24f43a0d987c3638870a) Importer(815301076,1909f56bfc062723c751e8b465ee728b)  -> (artifact id: 'c57f3658a6c008f96c4437496622175c') in 0.005581 seconds 
  Import took 0.007654 seconds .

========================================================================
Received Prepare
Registering precompiled user dll's ...
Registered in 0.003020 seconds.
Begin MonoManager ReloadAssembly
Native extension for WindowsStandalone target not found
Refreshing native plugins compatible for Editor in 0.32 ms, found 2 plugins.
Preloading 0 native plugins for Editor in 0.00 ms.
Mono: successfully reloaded assembly
- Completed reload, in  0.813 seconds
Domain Reload Profiling:
	ReloadAssembly (814ms)
		BeginReloadAssembly (100ms)
			ExecutionOrderSort (0ms)
			DisableScriptedObjects (4ms)
			BackupInstance (0ms)
			ReleaseScriptingObjects (0ms)
			CreateAndSetChildDomain (25ms)
		EndReloadAssembly (652ms)
			LoadAssemblies (70ms)
			RebuildTransferFunctionScriptingTraits (0ms)
			SetupTypeCache (215ms)
			ReleaseScriptCaches (1ms)
			RebuildScriptCaches (31ms)
			SetupLoadedEditorAssemblies (257ms)
				LogAssemblyErrors (0ms)
				InitializePlatformSupportModulesInManaged (4ms)
				SetLoadedEditorAssemblies (0ms)
				RefreshPlugins (0ms)
				BeforeProcessingInitializeOnLoad (80ms)
				ProcessInitializeOnLoadAttributes (163ms)
				ProcessInitializeOnLoadMethodAttributes (3ms)
				AfterProcessingInitializeOnLoad (5ms)
				EditorAssembliesLoaded (0ms)
			ExecutionOrderSort2 (0ms)
			AwakeInstancesAfterBackupRestoration (5ms)
Platform modules already initialized, skipping
Refreshing native plugins compatible for Editor in 0.45 ms, found 2 plugins.
Preloading 0 native plugins for Editor in 0.00 ms.
Unloading 1392 Unused Serialized files (Serialized files now loaded: 0)
System memory in use before: 73.5 MB.
System memory in use after: 73.5 MB.

Unloading 15 unused Assets to reduce memory usage. Loaded Objects now: 1876.
Total: 2.389600 ms (FindLiveObjects: 0.223000 ms CreateObjectMapping: 0.041200 ms MarkObjects: 2.050600 ms  DeleteObjects: 0.073400 ms)

AssetImportParameters requested are different than current active one (requested -> active):
  custom:framework-win-MediaFoundation: 216162199b28c13a410421893ffa2e32 -> 
  custom:video-decoder-ogg-theora: a1e56fd34408186e4bbccfd4996cb3dc -> 
  custom:container-muxer-webm: aa71ff27fc2769a1b78a27578f13a17b -> 
  custom:container-demuxer-webm: 4f35f7cbe854078d1ac9338744f61a02 -> 
  custom:container-demuxer-ogg: 62fdf1f143b41e24485cea50d1cbac27 -> 
  custom:video-encoder-webm-vp8: eb34c28f22e8b96e1ab97ce403110664 -> 
  custom:video-decoder-webm-vp8: 9c59270c3fd7afecdb556c50c9e8de78 -> 
  custom:audio-decoder-ogg-vorbis: bf7c407c2cedff20999df2af8eb42d56 -> 
  custom:audio-encoder-webm-vorbis: bf7c407c2cedff20999df2af8eb42d56 -> 
========================================================================
Received Import Request.
  Time since last request: 268.427594 seconds.
  path: Assets/Week07/Assets
  artifactKey: Guid(bd26f5703def52948b77431decfb0636) Importer(815301076,1909f56bfc062723c751e8b465ee728b)
Start importing Assets/Week07/Assets using Guid(bd26f5703def52948b77431decfb0636) Importer(815301076,1909f56bfc062723c751e8b465ee728b)  -> (artifact id: 'd89371bd9b1823f9e50a7da5158a36ca') in 0.008679 seconds 
  Import took 0.011723 seconds .

========================================================================
Received Prepare
Registering precompiled user dll's ...
Registered in 0.003992 seconds.
Begin MonoManager ReloadAssembly
Native extension for WindowsStandalone target not found
Refreshing native plugins compatible for Editor in 0.28 ms, found 2 plugins.
Preloading 0 native plugins for Editor in 0.00 ms.
Mono: successfully reloaded assembly
- Completed reload, in  0.900 seconds
Domain Reload Profiling:
	ReloadAssembly (900ms)
		BeginReloadAssembly (97ms)
			ExecutionOrderSort (0ms)
			DisableScriptedObjects (5ms)
			BackupInstance (0ms)
			ReleaseScriptingObjects (0ms)
			CreateAndSetChildDomain (28ms)
		EndReloadAssembly (746ms)
			LoadAssemblies (78ms)
			RebuildTransferFunctionScriptingTraits (0ms)
			SetupTypeCache (253ms)
			ReleaseScriptCaches (1ms)
			RebuildScriptCaches (34ms)
			SetupLoadedEditorAssemblies (281ms)
				LogAssemblyErrors (0ms)
				InitializePlatformSupportModulesInManaged (5ms)
				SetLoadedEditorAssemblies (0ms)
				RefreshPlugins (0ms)
				BeforeProcessingInitializeOnLoad (75ms)
				ProcessInitializeOnLoadAttributes (190ms)
				ProcessInitializeOnLoadMethodAttributes (4ms)
				AfterProcessingInitializeOnLoad (6ms)
				EditorAssembliesLoaded (0ms)
			ExecutionOrderSort2 (0ms)
			AwakeInstancesAfterBackupRestoration (6ms)
Platform modules already initialized, skipping
Refreshing native plugins compatible for Editor in 0.26 ms, found 2 plugins.
Preloading 0 native plugins for Editor in 0.00 ms.
Unloading 1392 Unused Serialized files (Serialized files now loaded: 0)
System memory in use before: 73.5 MB.
System memory in use after: 73.5 MB.

Unloading 15 unused Assets to reduce memory usage. Loaded Objects now: 1879.
Total: 1.951500 ms (FindLiveObjects: 0.136200 ms CreateObjectMapping: 0.033100 ms MarkObjects: 1.720200 ms  DeleteObjects: 0.061000 ms)

AssetImportParameters requested are different than current active one (requested -> active):
  custom:framework-win-MediaFoundation: 216162199b28c13a410421893ffa2e32 -> 
  custom:video-decoder-ogg-theora: a1e56fd34408186e4bbccfd4996cb3dc -> 
  custom:container-muxer-webm: aa71ff27fc2769a1b78a27578f13a17b -> 
  custom:container-demuxer-webm: 4f35f7cbe854078d1ac9338744f61a02 -> 
  custom:container-demuxer-ogg: 62fdf1f143b41e24485cea50d1cbac27 -> 
  custom:video-encoder-webm-vp8: eb34c28f22e8b96e1ab97ce403110664 -> 
  custom:video-decoder-webm-vp8: 9c59270c3fd7afecdb556c50c9e8de78 -> 
  custom:audio-decoder-ogg-vorbis: bf7c407c2cedff20999df2af8eb42d56 -> 
  custom:audio-encoder-webm-vorbis: bf7c407c2cedff20999df2af8eb42d56 -> 
========================================================================
Received Prepare
Registering precompiled user dll's ...
Registered in 0.003929 seconds.
Begin MonoManager ReloadAssembly
Native extension for WindowsStandalone target not found
Refreshing native plugins compatible for Editor in 0.32 ms, found 2 plugins.
Preloading 0 native plugins for Editor in 0.00 ms.
Mono: successfully reloaded assembly
- Completed reload, in  0.833 seconds
Domain Reload Profiling:
	ReloadAssembly (833ms)
		BeginReloadAssembly (98ms)
			ExecutionOrderSort (0ms)
			DisableScriptedObjects (4ms)
			BackupInstance (0ms)
			ReleaseScriptingObjects (0ms)
			CreateAndSetChildDomain (26ms)
		EndReloadAssembly (681ms)
			LoadAssemblies (72ms)
			RebuildTransferFunctionScriptingTraits (0ms)
			SetupTypeCache (231ms)
			ReleaseScriptCaches (1ms)
			RebuildScriptCaches (33ms)
			SetupLoadedEditorAssemblies (253ms)
				LogAssemblyErrors (0ms)
				InitializePlatformSupportModulesInManaged (5ms)
				SetLoadedEditorAssemblies (0ms)
				RefreshPlugins (0ms)
				BeforeProcessingInitializeOnLoad (73ms)
				ProcessInitializeOnLoadAttributes (166ms)
				ProcessInitializeOnLoadMethodAttributes (3ms)
				AfterProcessingInitializeOnLoad (5ms)
				EditorAssembliesLoaded (0ms)
			ExecutionOrderSort2 (0ms)
			AwakeInstancesAfterBackupRestoration (6ms)
Platform modules already initialized, skipping
Refreshing native plugins compatible for Editor in 0.28 ms, found 2 plugins.
Preloading 0 native plugins for Editor in 0.00 ms.
Unloading 1392 Unused Serialized files (Serialized files now loaded: 0)
System memory in use before: 73.5 MB.
System memory in use after: 73.5 MB.

Unloading 15 unused Assets to reduce memory usage. Loaded Objects now: 1882.
Total: 1.871600 ms (FindLiveObjects: 0.128400 ms CreateObjectMapping: 0.041400 ms MarkObjects: 1.649200 ms  DeleteObjects: 0.051600 ms)

AssetImportParameters requested are different than current active one (requested -> active):
  custom:framework-win-MediaFoundation: 216162199b28c13a410421893ffa2e32 -> 
  custom:video-decoder-ogg-theora: a1e56fd34408186e4bbccfd4996cb3dc -> 
  custom:container-muxer-webm: aa71ff27fc2769a1b78a27578f13a17b -> 
  custom:container-demuxer-webm: 4f35f7cbe854078d1ac9338744f61a02 -> 
  custom:container-demuxer-ogg: 62fdf1f143b41e24485cea50d1cbac27 -> 
  custom:video-encoder-webm-vp8: eb34c28f22e8b96e1ab97ce403110664 -> 
  custom:video-decoder-webm-vp8: 9c59270c3fd7afecdb556c50c9e8de78 -> 
  custom:audio-decoder-ogg-vorbis: bf7c407c2cedff20999df2af8eb42d56 -> 
  custom:audio-encoder-webm-vorbis: bf7c407c2cedff20999df2af8eb42d56 -> 
========================================================================
Received Prepare
Registering precompiled user dll's ...
Registered in 0.003527 seconds.
Begin MonoManager ReloadAssembly
Native extension for WindowsStandalone target not found
Refreshing native plugins compatible for Editor in 0.28 ms, found 2 plugins.
Preloading 0 native plugins for Editor in 0.00 ms.
Mono: successfully reloaded assembly
- Completed reload, in  0.847 seconds
Domain Reload Profiling:
	ReloadAssembly (847ms)
		BeginReloadAssembly (85ms)
			ExecutionOrderSort (0ms)
			DisableScriptedObjects (4ms)
			BackupInstance (0ms)
			ReleaseScriptingObjects (0ms)
			CreateAndSetChildDomain (25ms)
		EndReloadAssembly (707ms)
			LoadAssemblies (70ms)
			RebuildTransferFunctionScriptingTraits (0ms)
			SetupTypeCache (230ms)
			ReleaseScriptCaches (1ms)
			RebuildScriptCaches (33ms)
			SetupLoadedEditorAssemblies (272ms)
				LogAssemblyErrors (0ms)
				InitializePlatformSupportModulesInManaged (5ms)
				SetLoadedEditorAssemblies (0ms)
				RefreshPlugins (0ms)
				BeforeProcessingInitializeOnLoad (77ms)
				ProcessInitializeOnLoadAttributes (180ms)
				ProcessInitializeOnLoadMethodAttributes (3ms)
				AfterProcessingInitializeOnLoad (5ms)
				EditorAssembliesLoaded (0ms)
			ExecutionOrderSort2 (0ms)
			AwakeInstancesAfterBackupRestoration (6ms)
Platform modules already initialized, skipping
Refreshing native plugins compatible for Editor in 0.27 ms, found 2 plugins.
Preloading 0 native plugins for Editor in 0.00 ms.
Unloading 1392 Unused Serialized files (Serialized files now loaded: 0)
System memory in use before: 73.5 MB.
System memory in use after: 73.5 MB.

Unloading 15 unused Assets to reduce memory usage. Loaded Objects now: 1885.
Total: 2.166100 ms (FindLiveObjects: 0.134600 ms CreateObjectMapping: 0.032700 ms MarkObjects: 1.936600 ms  DeleteObjects: 0.061000 ms)

AssetImportParameters requested are different than current active one (requested -> active):
  custom:framework-win-MediaFoundation: 216162199b28c13a410421893ffa2e32 -> 
  custom:video-decoder-ogg-theora: a1e56fd34408186e4bbccfd4996cb3dc -> 
  custom:container-muxer-webm: aa71ff27fc2769a1b78a27578f13a17b -> 
  custom:container-demuxer-webm: 4f35f7cbe854078d1ac9338744f61a02 -> 
  custom:container-demuxer-ogg: 62fdf1f143b41e24485cea50d1cbac27 -> 
  custom:video-encoder-webm-vp8: eb34c28f22e8b96e1ab97ce403110664 -> 
  custom:video-decoder-webm-vp8: 9c59270c3fd7afecdb556c50c9e8de78 -> 
  custom:audio-decoder-ogg-vorbis: bf7c407c2cedff20999df2af8eb42d56 -> 
  custom:audio-encoder-webm-vorbis: bf7c407c2cedff20999df2af8eb42d56 -> 
========================================================================
Received Import Request.
  Time since last request: 399.592805 seconds.
  path: Assets/Week07/Week07_part1.unity
  artifactKey: Guid(a7ac5e1e2b2cbf0488f6663bc58cef0a) Importer(815301076,1909f56bfc062723c751e8b465ee728b)
Start importing Assets/Week07/Week07_part1.unity using Guid(a7ac5e1e2b2cbf0488f6663bc58cef0a) Importer(815301076,1909f56bfc062723c751e8b465ee728b)  -> (artifact id: '50aa5b1bff1bd837d1208b2a7efcec76') in 0.009966 seconds 
  Import took 0.012182 seconds .

========================================================================
Received Import Request.
  Time since last request: 5.845377 seconds.
  path: Assets/Week07/Scripts
  artifactKey: Guid(37d311b3113a7564eb61e61c2c928789) Importer(815301076,1909f56bfc062723c751e8b465ee728b)
Start importing Assets/Week07/Scripts using Guid(37d311b3113a7564eb61e61c2c928789) Importer(815301076,1909f56bfc062723c751e8b465ee728b)  -> (artifact id: '9334d0e6fd38a8c0b0b4c2e230906dac') in 0.005750 seconds 
  Import took 0.008060 seconds .

========================================================================
Received Import Request.
  Time since last request: 0.001040 seconds.
  path: Assets/Week07/Scripts
  artifactKey: Guid(37d311b3113a7564eb61e61c2c928789) Importer(815301076,1909f56bfc062723c751e8b465ee728b)
Start importing Assets/Week07/Scripts using Guid(37d311b3113a7564eb61e61c2c928789) Importer(815301076,1909f56bfc062723c751e8b465ee728b)  -> (artifact id: '9334d0e6fd38a8c0b0b4c2e230906dac') in 0.001651 seconds 
  Import took 0.004255 seconds .

========================================================================
Received Import Request.
  Time since last request: 1.233688 seconds.
  path: Assets/Week07/Scripts/AStar.cs
  artifactKey: Guid(e30751842c743d74daee84a765f51ecd) Importer(815301076,1909f56bfc062723c751e8b465ee728b)
Start importing Assets/Week07/Scripts/AStar.cs using Guid(e30751842c743d74daee84a765f51ecd) Importer(815301076,1909f56bfc062723c751e8b465ee728b)  -> (artifact id: '6e3d74dc1d252f57226271c9fb9699fb') in 0.014372 seconds 
  Import took 0.016443 seconds .

========================================================================
Received Import Request.
  Time since last request: 0.015261 seconds.
  path: Assets/Week07/Scripts/AStar.cs
  artifactKey: Guid(e30751842c743d74daee84a765f51ecd) Importer(815301076,1909f56bfc062723c751e8b465ee728b)
Start importing Assets/Week07/Scripts/AStar.cs using Guid(e30751842c743d74daee84a765f51ecd) Importer(815301076,1909f56bfc062723c751e8b465ee728b)  -> (artifact id: '6e3d74dc1d252f57226271c9fb9699fb') in 0.001687 seconds 
  Import took 0.003827 seconds .

========================================================================
Received Prepare
Registering precompiled user dll's ...
Registered in 0.003244 seconds.
Begin MonoManager ReloadAssembly
Native extension for WindowsStandalone target not found
Refreshing native plugins compatible for Editor in 0.28 ms, found 2 plugins.
Preloading 0 native plugins for Editor in 0.00 ms.
Mono: successfully reloaded assembly
- Completed reload, in  0.857 seconds
Domain Reload Profiling:
	ReloadAssembly (857ms)
		BeginReloadAssembly (103ms)
			ExecutionOrderSort (0ms)
			DisableScriptedObjects (4ms)
			BackupInstance (0ms)
			ReleaseScriptingObjects (0ms)
			CreateAndSetChildDomain (29ms)
		EndReloadAssembly (698ms)
			LoadAssemblies (78ms)
			RebuildTransferFunctionScriptingTraits (0ms)
			SetupTypeCache (253ms)
			ReleaseScriptCaches (1ms)
			RebuildScriptCaches (34ms)
			SetupLoadedEditorAssemblies (249ms)
				LogAssemblyErrors (0ms)
				InitializePlatformSupportModulesInManaged (4ms)
				SetLoadedEditorAssemblies (0ms)
				RefreshPlugins (0ms)
				BeforeProcessingInitializeOnLoad (72ms)
				ProcessInitializeOnLoadAttributes (163ms)
				ProcessInitializeOnLoadMethodAttributes (3ms)
				AfterProcessingInitializeOnLoad (5ms)
				EditorAssembliesLoaded (0ms)
			ExecutionOrderSort2 (0ms)
			AwakeInstancesAfterBackupRestoration (5ms)
Platform modules already initialized, skipping
Refreshing native plugins compatible for Editor in 0.26 ms, found 2 plugins.
Preloading 0 native plugins for Editor in 0.00 ms.
Unloading 1392 Unused Serialized files (Serialized files now loaded: 0)
System memory in use before: 73.5 MB.
System memory in use after: 73.5 MB.

Unloading 15 unused Assets to reduce memory usage. Loaded Objects now: 1888.
Total: 1.951000 ms (FindLiveObjects: 0.140700 ms CreateObjectMapping: 0.033800 ms MarkObjects: 1.720900 ms  DeleteObjects: 0.054700 ms)

AssetImportParameters requested are different than current active one (requested -> active):
  custom:framework-win-MediaFoundation: 216162199b28c13a410421893ffa2e32 -> 
  custom:video-decoder-ogg-theora: a1e56fd34408186e4bbccfd4996cb3dc -> 
  custom:container-muxer-webm: aa71ff27fc2769a1b78a27578f13a17b -> 
  custom:container-demuxer-webm: 4f35f7cbe854078d1ac9338744f61a02 -> 
  custom:container-demuxer-ogg: 62fdf1f143b41e24485cea50d1cbac27 -> 
  custom:video-encoder-webm-vp8: eb34c28f22e8b96e1ab97ce403110664 -> 
  custom:video-decoder-webm-vp8: 9c59270c3fd7afecdb556c50c9e8de78 -> 
  custom:audio-decoder-ogg-vorbis: bf7c407c2cedff20999df2af8eb42d56 -> 
  custom:audio-encoder-webm-vorbis: bf7c407c2cedff20999df2af8eb42d56 -> 
========================================================================
Received Import Request.
  Time since last request: 475.083683 seconds.
  path: Assets/Week07/Scripts/AStar.cs
  artifactKey: Guid(e30751842c743d74daee84a765f51ecd) Importer(815301076,1909f56bfc062723c751e8b465ee728b)
Start importing Assets/Week07/Scripts/AStar.cs using Guid(e30751842c743d74daee84a765f51ecd) Importer(815301076,1909f56bfc062723c751e8b465ee728b)  -> (artifact id: 'b8735bfa47f790969f0c80712e3960ad') in 0.003692 seconds 
  Import took 0.005735 seconds .

========================================================================
Received Import Request.
  Time since last request: 47.239122 seconds.
  path: Assets/Week07/Scripts/GridManager.cs
  artifactKey: Guid(4ff352e7bf7bc7449b5ec616529a7a49) Importer(815301076,1909f56bfc062723c751e8b465ee728b)
Start importing Assets/Week07/Scripts/GridManager.cs using Guid(4ff352e7bf7bc7449b5ec616529a7a49) Importer(815301076,1909f56bfc062723c751e8b465ee728b)  -> (artifact id: '630511af66d4e4f3de09188d43c80757') in 0.005023 seconds 
  Import took 0.007479 seconds .

========================================================================
Received Import Request.
  Time since last request: 1.021717 seconds.
  path: Assets/Week07/Scripts/List.cs
  artifactKey: Guid(06362d19e6ef0334db1aca0bca53bea9) Importer(815301076,1909f56bfc062723c751e8b465ee728b)
Start importing Assets/Week07/Scripts/List.cs using Guid(06362d19e6ef0334db1aca0bca53bea9) Importer(815301076,1909f56bfc062723c751e8b465ee728b)  -> (artifact id: 'ad262861d69f83c54b431375d31c7427') in 0.005055 seconds 
  Import took 0.007452 seconds .

========================================================================
Received Prepare
Registering precompiled user dll's ...
Registered in 0.003609 seconds.
Begin MonoManager ReloadAssembly
Native extension for WindowsStandalone target not found
Refreshing native plugins compatible for Editor in 0.34 ms, found 2 plugins.
Preloading 0 native plugins for Editor in 0.00 ms.
Mono: successfully reloaded assembly
- Completed reload, in  0.899 seconds
Domain Reload Profiling:
	ReloadAssembly (900ms)
		BeginReloadAssembly (134ms)
			ExecutionOrderSort (0ms)
			DisableScriptedObjects (6ms)
			BackupInstance (0ms)
			ReleaseScriptingObjects (0ms)
			CreateAndSetChildDomain (34ms)
		EndReloadAssembly (704ms)
			LoadAssemblies (93ms)
			RebuildTransferFunctionScriptingTraits (0ms)
			SetupTypeCache (240ms)
			ReleaseScriptCaches (1ms)
			RebuildScriptCaches (35ms)
			SetupLoadedEditorAssemblies (263ms)
				LogAssemblyErrors (0ms)
				InitializePlatformSupportModulesInManaged (5ms)
				SetLoadedEditorAssemblies (0ms)
				RefreshPlugins (0ms)
				BeforeProcessingInitializeOnLoad (71ms)
				ProcessInitializeOnLoadAttributes (176ms)
				ProcessInitializeOnLoadMethodAttributes (4ms)
				AfterProcessingInitializeOnLoad (6ms)
				EditorAssembliesLoaded (0ms)
			ExecutionOrderSort2 (0ms)
			AwakeInstancesAfterBackupRestoration (6ms)
Platform modules already initialized, skipping
Refreshing native plugins compatible for Editor in 0.34 ms, found 2 plugins.
Preloading 0 native plugins for Editor in 0.00 ms.
Unloading 1392 Unused Serialized files (Serialized files now loaded: 0)
System memory in use before: 73.5 MB.
System memory in use after: 73.6 MB.

Unloading 15 unused Assets to reduce memory usage. Loaded Objects now: 1891.
Total: 1.889900 ms (FindLiveObjects: 0.196100 ms CreateObjectMapping: 0.045800 ms MarkObjects: 1.586600 ms  DeleteObjects: 0.059900 ms)

AssetImportParameters requested are different than current active one (requested -> active):
  custom:framework-win-MediaFoundation: 216162199b28c13a410421893ffa2e32 -> 
  custom:video-decoder-ogg-theora: a1e56fd34408186e4bbccfd4996cb3dc -> 
  custom:container-muxer-webm: aa71ff27fc2769a1b78a27578f13a17b -> 
  custom:container-demuxer-webm: 4f35f7cbe854078d1ac9338744f61a02 -> 
  custom:container-demuxer-ogg: 62fdf1f143b41e24485cea50d1cbac27 -> 
  custom:video-encoder-webm-vp8: eb34c28f22e8b96e1ab97ce403110664 -> 
  custom:video-decoder-webm-vp8: 9c59270c3fd7afecdb556c50c9e8de78 -> 
  custom:audio-decoder-ogg-vorbis: bf7c407c2cedff20999df2af8eb42d56 -> 
  custom:audio-encoder-webm-vorbis: bf7c407c2cedff20999df2af8eb42d56 -> 
========================================================================
Received Import Request.
  Time since last request: 2.906890 seconds.
  path: Assets/Week07/Scripts/Pathfinder.cs
  artifactKey: Guid(8fdd9b88066d6e94684e7f942e9f4d70) Importer(815301076,1909f56bfc062723c751e8b465ee728b)
Start importing Assets/Week07/Scripts/Pathfinder.cs using Guid(8fdd9b88066d6e94684e7f942e9f4d70) Importer(815301076,1909f56bfc062723c751e8b465ee728b)  -> (artifact id: '54efa16ad7d090c47bf5813b60048931') in 0.007647 seconds 
  Import took 0.009819 seconds .

========================================================================
Received Import Request.
  Time since last request: 0.000153 seconds.
  path: Assets/Week07/Scripts/Node.cs
  artifactKey: Guid(e3e162dbc5e495241a63cfa0264232d5) Importer(815301076,1909f56bfc062723c751e8b465ee728b)
Start importing Assets/Week07/Scripts/Node.cs using Guid(e3e162dbc5e495241a63cfa0264232d5) Importer(815301076,1909f56bfc062723c751e8b465ee728b)  -> (artifact id: '642d61b1dc42bc93de0dc7c8df524d5f') in 0.005369 seconds 
  Import took 0.007388 seconds .

========================================================================
Received Import Request.
  Time since last request: 0.432200 seconds.
  path: Assets/Week07/Scripts/CameraDraw.cs
  artifactKey: Guid(7aa77d5a78129c74f9e39986e3b1a9dd) Importer(815301076,1909f56bfc062723c751e8b465ee728b)
Start importing Assets/Week07/Scripts/CameraDraw.cs using Guid(7aa77d5a78129c74f9e39986e3b1a9dd) Importer(815301076,1909f56bfc062723c751e8b465ee728b)  -> (artifact id: 'b7ad054a4abf767dea11588256a3e848') in 0.005775 seconds 
  Import took 0.008059 seconds .

========================================================================
Received Prepare
Registering precompiled user dll's ...
Registered in 0.003136 seconds.
Begin MonoManager ReloadAssembly
Native extension for WindowsStandalone target not found
Refreshing native plugins compatible for Editor in 0.27 ms, found 2 plugins.
Preloading 0 native plugins for Editor in 0.00 ms.
Mono: successfully reloaded assembly
- Completed reload, in  0.795 seconds
Domain Reload Profiling:
	ReloadAssembly (795ms)
		BeginReloadAssembly (87ms)
			ExecutionOrderSort (0ms)
			DisableScriptedObjects (5ms)
			BackupInstance (0ms)
			ReleaseScriptingObjects (0ms)
			CreateAndSetChildDomain (23ms)
		EndReloadAssembly (656ms)
			LoadAssemblies (72ms)
			RebuildTransferFunctionScriptingTraits (0ms)
			SetupTypeCache (228ms)
			ReleaseScriptCaches (1ms)
			RebuildScriptCaches (34ms)
			SetupLoadedEditorAssemblies (234ms)
				LogAssemblyErrors (0ms)
				InitializePlatformSupportModulesInManaged (4ms)
				SetLoadedEditorAssemblies (0ms)
				RefreshPlugins (0ms)
				BeforeProcessingInitializeOnLoad (66ms)
				ProcessInitializeOnLoadAttributes (154ms)
				ProcessInitializeOnLoadMethodAttributes (3ms)
				AfterProcessingInitializeOnLoad (5ms)
				EditorAssembliesLoaded (0ms)
			ExecutionOrderSort2 (0ms)
			AwakeInstancesAfterBackupRestoration (6ms)
Platform modules already initialized, skipping
Refreshing native plugins compatible for Editor in 0.26 ms, found 2 plugins.
Preloading 0 native plugins for Editor in 0.00 ms.
Unloading 1392 Unused Serialized files (Serialized files now loaded: 0)
System memory in use before: 73.5 MB.
System memory in use after: 73.6 MB.

Unloading 15 unused Assets to reduce memory usage. Loaded Objects now: 1894.
Total: 1.926100 ms (FindLiveObjects: 0.139600 ms CreateObjectMapping: 0.033200 ms MarkObjects: 1.705300 ms  DeleteObjects: 0.047100 ms)

AssetImportParameters requested are different than current active one (requested -> active):
  custom:framework-win-MediaFoundation: 216162199b28c13a410421893ffa2e32 -> 
  custom:video-decoder-ogg-theora: a1e56fd34408186e4bbccfd4996cb3dc -> 
  custom:container-muxer-webm: aa71ff27fc2769a1b78a27578f13a17b -> 
  custom:container-demuxer-webm: 4f35f7cbe854078d1ac9338744f61a02 -> 
  custom:container-demuxer-ogg: 62fdf1f143b41e24485cea50d1cbac27 -> 
  custom:video-encoder-webm-vp8: eb34c28f22e8b96e1ab97ce403110664 -> 
  custom:video-decoder-webm-vp8: 9c59270c3fd7afecdb556c50c9e8de78 -> 
  custom:audio-decoder-ogg-vorbis: bf7c407c2cedff20999df2af8eb42d56 -> 
  custom:audio-encoder-webm-vorbis: bf7c407c2cedff20999df2af8eb42d56 -> 
========================================================================
Received Import Request.
  Time since last request: 38.088020 seconds.
  path: Assets/Week07/Assets/Materials/Floor Material.mat
  artifactKey: Guid(b278ed6c6f655f14f8bc37fc238b5f4d) Importer(815301076,1909f56bfc062723c751e8b465ee728b)
Start importing Assets/Week07/Assets/Materials/Floor Material.mat using Guid(b278ed6c6f655f14f8bc37fc238b5f4d) Importer(815301076,1909f56bfc062723c751e8b465ee728b)  -> (artifact id: 'f9f77b2d39134b49ee4254bdd8bde011') in 0.112372 seconds 
  Import took 0.114780 seconds .

========================================================================
Received Import Request.
  Time since last request: 0.005727 seconds.
  path: Assets/Week07/Assets/Materials/M_0018_Brown.mat
  artifactKey: Guid(0a626f4c41c125b478cb3a66429894fa) Importer(815301076,1909f56bfc062723c751e8b465ee728b)
Start importing Assets/Week07/Assets/Materials/M_0018_Brown.mat using Guid(0a626f4c41c125b478cb3a66429894fa) Importer(815301076,1909f56bfc062723c751e8b465ee728b)  -> (artifact id: '25f4533151e216c4c44c108ec2fef5d2') in 0.010916 seconds 
  Import took 0.013018 seconds .

========================================================================
Received Import Request.
  Time since last request: 0.006939 seconds.
  path: Assets/Week07/Assets/Models/Turret.fbx
  artifactKey: Guid(e39e1ca91c5095547b9d05989bf45e51) Importer(815301076,1909f56bfc062723c751e8b465ee728b)
Start importing Assets/Week07/Assets/Models/Turret.fbx using Guid(e39e1ca91c5095547b9d05989bf45e51) Importer(815301076,1909f56bfc062723c751e8b465ee728b)  -> (artifact id: '788a95b31be98a04afdde21e02fc5695') in 0.410324 seconds 
  Import took 0.412492 seconds .

========================================================================
Received Import Request.
  Time since last request: 0.005252 seconds.
  path: Assets/Week07/Assets/Models/EnemyTurret.fbx
  artifactKey: Guid(061cb03d23ef706419186ff6b4268d15) Importer(815301076,1909f56bfc062723c751e8b465ee728b)
Start importing Assets/Week07/Assets/Models/EnemyTurret.fbx using Guid(061cb03d23ef706419186ff6b4268d15) Importer(815301076,1909f56bfc062723c751e8b465ee728b)  -> (artifact id: 'b7d205e65d69170a3b53f43fd8c0da4f') in 0.015676 seconds 
  Import took 0.018112 seconds .

========================================================================
Received Import Request.
  Time since last request: 0.004990 seconds.
  path: Assets/Week07/Assets/Materials/Color_001.mat
  artifactKey: Guid(84042da26dabbf048b391acd26ca1b65) Importer(815301076,1909f56bfc062723c751e8b465ee728b)
Start importing Assets/Week07/Assets/Materials/Color_001.mat using Guid(84042da26dabbf048b391acd26ca1b65) Importer(815301076,1909f56bfc062723c751e8b465ee728b)  -> (artifact id: '8e11e3a945f52a155d45d0ad20f0cc99') in 0.009289 seconds 
  Import took 0.011250 seconds .

========================================================================
Received Import Request.
  Time since last request: 0.008727 seconds.
  path: Assets/Week07/Assets/Materials/Color_005.mat
  artifactKey: Guid(8093f6261da45d2438d8941721c7da6c) Importer(815301076,1909f56bfc062723c751e8b465ee728b)
Start importing Assets/Week07/Assets/Materials/Color_005.mat using Guid(8093f6261da45d2438d8941721c7da6c) Importer(815301076,1909f56bfc062723c751e8b465ee728b)  -> (artifact id: '497ba5d21024821ece90bab65c838fc5') in 0.009050 seconds 
  Import took 0.011057 seconds .

========================================================================
Received Import Request.
  Time since last request: 0.009196 seconds.
  path: Assets/Week07/Assets/Materials/Color_009.mat
  artifactKey: Guid(3c1c65c8ee019ec4f9e274f729d9e8ff) Importer(815301076,1909f56bfc062723c751e8b465ee728b)
Start importing Assets/Week07/Assets/Materials/Color_009.mat using Guid(3c1c65c8ee019ec4f9e274f729d9e8ff) Importer(815301076,1909f56bfc062723c751e8b465ee728b)  -> (artifact id: '9af05826dc626ba8bc2c5d35ef85cd63') in 0.008843 seconds 
  Import took 0.010897 seconds .

========================================================================
Received Import Request.
  Time since last request: 0.005255 seconds.
  path: Assets/Week07/Assets/Materials/Color_F08.mat
  artifactKey: Guid(1b923f1df4ee9394fa2d0e99c6d766c6) Importer(815301076,1909f56bfc062723c751e8b465ee728b)
Start importing Assets/Week07/Assets/Materials/Color_F08.mat using Guid(1b923f1df4ee9394fa2d0e99c6d766c6) Importer(815301076,1909f56bfc062723c751e8b465ee728b)  -> (artifact id: 'da992112ca4fca21715b83c648da2b9a') in 0.009470 seconds 
  Import took 0.011482 seconds .

========================================================================
Received Import Request.
  Time since last request: 0.009762 seconds.
  path: Assets/Week07/Assets/Materials/Color_003.mat
  artifactKey: Guid(b44f0e90ae61d364bb67268c4498f81c) Importer(815301076,1909f56bfc062723c751e8b465ee728b)
Start importing Assets/Week07/Assets/Materials/Color_003.mat using Guid(b44f0e90ae61d364bb67268c4498f81c) Importer(815301076,1909f56bfc062723c751e8b465ee728b)  -> (artifact id: 'b84b902e97b4186816d0ae43da01cc58') in 0.008593 seconds 
  Import took 0.010580 seconds .

========================================================================
Received Import Request.
  Time since last request: 0.005417 seconds.
  path: Assets/Week07/Assets/Models/Tank.fbx
  artifactKey: Guid(b39006ea7042f1d4ba792f3f01464770) Importer(815301076,1909f56bfc062723c751e8b465ee728b)
Start importing Assets/Week07/Assets/Models/Tank.fbx using Guid(b39006ea7042f1d4ba792f3f01464770) Importer(815301076,1909f56bfc062723c751e8b465ee728b)  -> (artifact id: 'fef2d9a11aa4f1c9917006c039b3b74b') in 0.018108 seconds 
  Import took 0.020422 seconds .

========================================================================
Received Import Request.
  Time since last request: 0.006168 seconds.
  path: Assets/Week07/Assets/Materials/_1.mat
  artifactKey: Guid(a4d3d25aa094f884886348adc44d45b2) Importer(815301076,1909f56bfc062723c751e8b465ee728b)
Start importing Assets/Week07/Assets/Materials/_1.mat using Guid(a4d3d25aa094f884886348adc44d45b2) Importer(815301076,1909f56bfc062723c751e8b465ee728b)  -> (artifact id: 'fdb995e772a043b2703f21129181b57a') in 0.009033 seconds 
  Import took 0.011059 seconds .

========================================================================
Received Import Request.
  Time since last request: 0.005069 seconds.
  path: Assets/Week07/Workshop6_part2Settings.lighting
  artifactKey: Guid(450e3ace9febce54c8a0e9c4738aad8c) Importer(815301076,1909f56bfc062723c751e8b465ee728b)
Start importing Assets/Week07/Workshop6_part2Settings.lighting using Guid(450e3ace9febce54c8a0e9c4738aad8c) Importer(815301076,1909f56bfc062723c751e8b465ee728b) LightingSettings: switching bake backend from 1 to 0.
 -> (artifact id: '60ae51f0e2d1983f8873abb522a7644e') in 0.005819 seconds 
  Import took 0.007893 seconds .

========================================================================
Received Import Request.
  Time since last request: 0.019729 seconds.
  path: Assets/Week07/Assets/Models/EnemyTank.fbx
  artifactKey: Guid(68f18cd1fa049354dacb8104cc739b11) Importer(815301076,1909f56bfc062723c751e8b465ee728b)
Start importing Assets/Week07/Assets/Models/EnemyTank.fbx using Guid(68f18cd1fa049354dacb8104cc739b11) Importer(815301076,1909f56bfc062723c751e8b465ee728b)  -> (artifact id: '2f92651bef50bb3335442374dbbe3061') in 0.016772 seconds 
  Import took 0.019044 seconds .

AssetImportWorkerClient::OnTransportError - code=2 error=End of file
