Using pre-set license
Built from '2020.3/staging' branch; Version is '2020.3.14f1 (d0d1bb862f9d) revision 13685179'; Using compiler version '192528614'; Build Type 'Release'
OS: 'Windows 10 Pro; OS build 19042.1237; Version 2009; 64bit' Language: 'en' Physical Memory: 32687 MB
BatchMode: 1, IsHumanControllingUs: 0, StartBugReporterOnCrash: 0, Is64bit: 1, IsPro: 0

 COMMAND LINE ARGUMENTS:
C:\Program Files\Unity\Hub\Editor\2020.3.14f1\Editor\Unity.exe
-adb2
-batchMode
-noUpm
-name
AssetImportWorker0
-projectPath
C:/Users/WT-PC/Documents/GD/GameDevProject/Project
-logFile
Logs/AssetImportWorker0.log
-srvPort
60822
Successfully changed project path to: C:/Users/WT-PC/Documents/GD/GameDevProject/Project
C:/Users/WT-PC/Documents/GD/GameDevProject/Project
Using Asset Import Pipeline V2.
Refreshing native plugins compatible for Editor in 30.56 ms, found 2 plugins.
Preloading 0 native plugins for Editor in 0.00 ms.
Initialize engine version: 2020.3.14f1 (d0d1bb862f9d)
[Subsystems] Discovering subsystems at path C:/Program Files/Unity/Hub/Editor/2020.3.14f1/Editor/Data/Resources/UnitySubsystems
[Subsystems] Discovering subsystems at path C:/Users/WT-PC/Documents/GD/GameDevProject/Project/Assets
GfxDevice: creating device client; threaded=0
Direct3D:
    Version:  Direct3D 11.0 [level 11.1]
    Renderer: NVIDIA GeForce GTX 960 (ID=0x1401)
    Vendor:   
    VRAM:     2007 MB
    Driver:   30.0.14.7141
Initialize mono
Mono path[0] = 'C:/Program Files/Unity/Hub/Editor/2020.3.14f1/Editor/Data/Managed'
Mono path[1] = 'C:/Program Files/Unity/Hub/Editor/2020.3.14f1/Editor/Data/MonoBleedingEdge/lib/mono/unityjit'
Mono config path = 'C:/Program Files/Unity/Hub/Editor/2020.3.14f1/Editor/Data/MonoBleedingEdge/etc'
Using monoOptions --debugger-agent=transport=dt_socket,embedding=1,server=y,suspend=n,address=127.0.0.1:56412
Begin MonoManager ReloadAssembly
Registering precompiled unity dll's ...
Register platform support module: C:/Program Files/Unity/Hub/Editor/2020.3.14f1/Editor/Data/PlaybackEngines/WindowsStandaloneSupport/UnityEditor.WindowsStandalone.Extensions.dll
Registered in 0.001301 seconds.
Native extension for WindowsStandalone target not found
Refreshing native plugins compatible for Editor in 30.31 ms, found 2 plugins.
Preloading 0 native plugins for Editor in 0.00 ms.
Mono: successfully reloaded assembly
- Completed reload, in  0.754 seconds
Domain Reload Profiling:
	ReloadAssembly (755ms)
		BeginReloadAssembly (39ms)
			ExecutionOrderSort (0ms)
			DisableScriptedObjects (0ms)
			BackupInstance (0ms)
			ReleaseScriptingObjects (0ms)
			CreateAndSetChildDomain (1ms)
		EndReloadAssembly (308ms)
			LoadAssemblies (37ms)
			RebuildTransferFunctionScriptingTraits (0ms)
			SetupTypeCache (113ms)
			ReleaseScriptCaches (0ms)
			RebuildScriptCaches (24ms)
			SetupLoadedEditorAssemblies (120ms)
				LogAssemblyErrors (0ms)
				InitializePlatformSupportModulesInManaged (3ms)
				SetLoadedEditorAssemblies (0ms)
				RefreshPlugins (30ms)
				BeforeProcessingInitializeOnLoad (5ms)
				ProcessInitializeOnLoadAttributes (60ms)
				ProcessInitializeOnLoadMethodAttributes (21ms)
				AfterProcessingInitializeOnLoad (0ms)
				EditorAssembliesLoaded (0ms)
			ExecutionOrderSort2 (0ms)
			AwakeInstancesAfterBackupRestoration (0ms)
Platform modules already initialized, skipping
Registering precompiled user dll's ...
Registered in 0.002592 seconds.
Begin MonoManager ReloadAssembly
Native extension for WindowsStandalone target not found
Refreshing native plugins compatible for Editor in 0.39 ms, found 2 plugins.
Preloading 0 native plugins for Editor in 0.00 ms.
Mono: successfully reloaded assembly
- Completed reload, in  0.748 seconds
Domain Reload Profiling:
	ReloadAssembly (749ms)
		BeginReloadAssembly (109ms)
			ExecutionOrderSort (0ms)
			DisableScriptedObjects (4ms)
			BackupInstance (0ms)
			ReleaseScriptingObjects (0ms)
			CreateAndSetChildDomain (14ms)
		EndReloadAssembly (593ms)
			LoadAssemblies (61ms)
			RebuildTransferFunctionScriptingTraits (0ms)
			SetupTypeCache (207ms)
			ReleaseScriptCaches (0ms)
			RebuildScriptCaches (33ms)
			SetupLoadedEditorAssemblies (218ms)
				LogAssemblyErrors (0ms)
				InitializePlatformSupportModulesInManaged (4ms)
				SetLoadedEditorAssemblies (0ms)
				RefreshPlugins (0ms)
				BeforeProcessingInitializeOnLoad (39ms)
				ProcessInitializeOnLoadAttributes (166ms)
				ProcessInitializeOnLoadMethodAttributes (3ms)
				AfterProcessingInitializeOnLoad (4ms)
				EditorAssembliesLoaded (0ms)
			ExecutionOrderSort2 (0ms)
			AwakeInstancesAfterBackupRestoration (5ms)
Platform modules already initialized, skipping
========================================================================
Worker process is ready to serve import requests
Launched and connected shader compiler UnityShaderCompiler.exe after 0.02 seconds
Refreshing native plugins compatible for Editor in 0.37 ms, found 2 plugins.
Preloading 0 native plugins for Editor in 0.00 ms.
Unloading 1530 Unused Serialized files (Serialized files now loaded: 0)
System memory in use before: 97.8 MB.
System memory in use after: 97.5 MB.

Unloading 21 unused Assets to reduce memory usage. Loaded Objects now: 1996.
Total: 1.689500 ms (FindLiveObjects: 0.135000 ms CreateObjectMapping: 0.044100 ms MarkObjects: 1.216700 ms  DeleteObjects: 0.293100 ms)

AssetImportParameters requested are different than current active one (requested -> active):
  custom:framework-win-MediaFoundation: 216162199b28c13a410421893ffa2e32 -> 
  custom:video-decoder-ogg-theora: a1e56fd34408186e4bbccfd4996cb3dc -> 
  custom:container-muxer-webm: aa71ff27fc2769a1b78a27578f13a17b -> 
  custom:container-demuxer-webm: 4f35f7cbe854078d1ac9338744f61a02 -> 
  custom:container-demuxer-ogg: 62fdf1f143b41e24485cea50d1cbac27 -> 
  custom:video-encoder-webm-vp8: eb34c28f22e8b96e1ab97ce403110664 -> 
  custom:video-decoder-webm-vp8: 9c59270c3fd7afecdb556c50c9e8de78 -> 
  custom:audio-decoder-ogg-vorbis: bf7c407c2cedff20999df2af8eb42d56 -> 
  custom:audio-encoder-webm-vorbis: bf7c407c2cedff20999df2af8eb42d56 -> 
========================================================================
Received Import Request.
  path: Assets/Imported/Polytope Studio
  artifactKey: Guid(f76374f3eea1655409ef0e8ba55318f5) Importer(815301076,1909f56bfc062723c751e8b465ee728b)
Start importing Assets/Imported/Polytope Studio using Guid(f76374f3eea1655409ef0e8ba55318f5) Importer(815301076,1909f56bfc062723c751e8b465ee728b)  -> (artifact id: 'ecc40b9bd39c5c5450ec867428471fac') in 0.005640 seconds 
  Import took 0.007599 seconds .

========================================================================
Received Import Request.
  Time since last request: 0.000163 seconds.
  path: Assets/Imported/Stone textures pack
  artifactKey: Guid(9af4025c2ee2d554d8271dfbb122723e) Importer(815301076,1909f56bfc062723c751e8b465ee728b)
Start importing Assets/Imported/Stone textures pack using Guid(9af4025c2ee2d554d8271dfbb122723e) Importer(815301076,1909f56bfc062723c751e8b465ee728b)  -> (artifact id: '6f2e3df53118930d2a5f607a461e822f') in 0.006063 seconds 
  Import took 0.007950 seconds .

========================================================================
Received Import Request.
  Time since last request: 0.000127 seconds.
  path: Assets/Imported/Abandoned buildings
  artifactKey: Guid(3cfe4c0fa361c8a4daf8aced828769c5) Importer(815301076,1909f56bfc062723c751e8b465ee728b)
Start importing Assets/Imported/Abandoned buildings using Guid(3cfe4c0fa361c8a4daf8aced828769c5) Importer(815301076,1909f56bfc062723c751e8b465ee728b)  -> (artifact id: 'a496f5016b7a6922983dac5a9b402eba') in 0.005389 seconds 
  Import took 0.007320 seconds .

========================================================================
Received Import Request.
  Time since last request: 0.000129 seconds.
  path: Assets/Imported
  artifactKey: Guid(9586fe488d82c954dab25d68439fc41f) Importer(815301076,1909f56bfc062723c751e8b465ee728b)
Start importing Assets/Imported using Guid(9586fe488d82c954dab25d68439fc41f) Importer(815301076,1909f56bfc062723c751e8b465ee728b)  -> (artifact id: '6472c7b66b3adfbbcb108adc756aaa68') in 0.004163 seconds 
  Import took 0.006521 seconds .

========================================================================
Received Import Request.
  Time since last request: 2.197359 seconds.
  path: Assets/Imported/FantasyMonster
  artifactKey: Guid(090225f1ca704e4499ccf48aa0bfc989) Importer(815301076,1909f56bfc062723c751e8b465ee728b)
Start importing Assets/Imported/FantasyMonster using Guid(090225f1ca704e4499ccf48aa0bfc989) Importer(815301076,1909f56bfc062723c751e8b465ee728b)  -> (artifact id: 'e3ac9d5a98eda99b343785bec91a287f') in 0.004106 seconds 
  Import took 0.006009 seconds .

========================================================================
Received Import Request.
  Time since last request: 8.414360 seconds.
  path: Assets/Models
  artifactKey: Guid(3092eea813b33c3408e531bbb9e3e0c1) Importer(815301076,1909f56bfc062723c751e8b465ee728b)
Start importing Assets/Models using Guid(3092eea813b33c3408e531bbb9e3e0c1) Importer(815301076,1909f56bfc062723c751e8b465ee728b)  -> (artifact id: '7d90d2eb8c3e2866e8d454f6e6832f6f') in 0.004167 seconds 
  Import took 0.006106 seconds .

========================================================================
Received Import Request.
  Time since last request: 0.037986 seconds.
  path: Assets/Models/healerAvatar.asset
  artifactKey: Guid(0b7e4e1f139e3464994fd47ee391629b) Importer(815301076,1909f56bfc062723c751e8b465ee728b)
Start importing Assets/Models/healerAvatar.asset using Guid(0b7e4e1f139e3464994fd47ee391629b) Importer(815301076,1909f56bfc062723c751e8b465ee728b)  -> (artifact id: '539d4b821b212698e5fe11f8ee9f3514') in 0.021298 seconds 
  Import took 0.023258 seconds .

========================================================================
Received Import Request.
  Time since last request: 0.000114 seconds.
  path: Assets/Models/knight_d_pelegrini.fbx
  artifactKey: Guid(298abbdd2ffbe1a44ac3d66d050ed829) Importer(815301076,1909f56bfc062723c751e8b465ee728b)
Start importing Assets/Models/knight_d_pelegrini.fbx using Guid(298abbdd2ffbe1a44ac3d66d050ed829) Importer(815301076,1909f56bfc062723c751e8b465ee728b)  -> (artifact id: 'e54e18d88a5066fa10ac12f99aba8994') in 0.139419 seconds 
  Import took 0.141605 seconds .

========================================================================
Received Import Request.
  Time since last request: 1.570911 seconds.
  path: Assets/Models/textures
  artifactKey: Guid(fc9f0108d2f356c4c85679f1b9359616) Importer(815301076,1909f56bfc062723c751e8b465ee728b)
Start importing Assets/Models/textures using Guid(fc9f0108d2f356c4c85679f1b9359616) Importer(815301076,1909f56bfc062723c751e8b465ee728b)  -> (artifact id: '696e0ed1a0af4ded11e9a36df57e6f8d') in 0.004164 seconds 
  Import took 0.006162 seconds .

AssetImportWorkerClient::OnTransportError - code=2 error=End of file
